#
# There is insufficient memory for the Java Runtime Environment to continue.
# Native memory allocation (malloc) failed to allocate 1048576 bytes for AllocateHeap
# Possible reasons:
#   The system is out of physical RAM or swap space
#   The process is running with CompressedOops enabled, and the Java Heap may be blocking the growth of the native heap
# Possible solutions:
#   Reduce memory load on the system
#   Increase physical memory or swap space
#   Check if swap backing store is full
#   Decrease Java heap size (-Xmx/-Xms)
#   Decrease number of Java threads
#   Decrease Java thread stack sizes (-Xss)
#   Set larger code cache with -XX:ReservedCodeCacheSize=
#   JVM is running with Unscaled Compressed Oops mode in which the Java heap is
#     placed in the first 4GB address space. The Java Heap base address is the
#     maximum limit for the native heap growth. Please use -XX:HeapBaseMinAddress
#     to set the Java Heap base and to place the Java Heap above 4GB virtual address.
# This output file may be truncated or incomplete.
#
#  Out of Memory Error (memory/allocation.inline.hpp:61), pid=15260, tid=0x0000000000001cbc
#
# JRE version:  (8.0_241-b07) (build )
# Java VM: Java HotSpot(TM) 64-Bit Server VM (25.241-b07 mixed mode windows-amd64 compressed oops)
# Failed to write core dump. Minidumps are not enabled by default on client versions of Windows
#

---------------  T H R E A D  ---------------

Current thread (0x00000000027da800):  JavaThread "Unknown thread" [_thread_in_vm, id=7356, stack(0x00000000026d0000,0x00000000027d0000)]

Stack: [0x00000000026d0000,0x00000000027d0000]
[error occurred during error reporting (printing stack bounds), id 0xc0000005]

Native frames: (J=compiled Java code, j=interpreted, Vv=VM code, C=native code)


---------------  P R O C E S S  ---------------

Java Threads: ( => current thread )

Other Threads:

=>0x00000000027da800 (exited) JavaThread "Unknown thread" [_thread_in_vm, id=7356, stack(0x00000000026d0000,0x00000000027d0000)]

VM state:not at safepoint (normal execution)

VM Mutex/Monitor currently owned by a thread: None

heap address: 0x00000000a0e00000, size: 1522 MB, Compressed Oops mode: 32-bit
Narrow klass base: 0x0000000000000000, Narrow klass shift: 3
Compressed class space size: 1073741824 Address: 0x0000000100000000

Heap:
 PSYoungGen      total 28672K, used 491K [0x00000000e0500000, 0x00000000e2500000, 0x0000000100000000)
  eden space 24576K, 2% used [0x00000000e0500000,0x00000000e057ae20,0x00000000e1d00000)
  from space 4096K, 0% used [0x00000000e2100000,0x00000000e2100000,0x00000000e2500000)
  to   space 4096K, 0% used [0x00000000e1d00000,0x00000000e1d00000,0x00000000e2100000)
 ParOldGen       total 65536K, used 0K [0x00000000a0e00000, 0x00000000a4e00000, 0x00000000e0500000)
  object space 65536K, 0% used [0x00000000a0e00000,0x00000000a0e00000,0x00000000a4e00000)
 Metaspace       used 776K, capacity 4480K, committed 4480K, reserved 1056768K
  class space    used 76K, capacity 384K, committed 384K, reserved 1048576K

Card table byte_map: [0x0000000011c90000,0x0000000011f90000] byte_map_base: 0x0000000011789000

Marking Bits: (ParMarkBitMap*) 0x0000000051f5be30
 Begin Bits: [0x0000000012990000, 0x0000000014158000)
 End Bits:   [0x0000000014158000, 0x0000000015920000)

Polling page: 0x00000000003f0000

CodeCache: size=245760Kb used=327Kb max_used=327Kb free=245432Kb
 bounds [0x00000000028d0000, 0x0000000002b40000, 0x00000000118d0000]
 total_blobs=57 nmethods=0 adapters=38
 compilation: enabled

Compilation events (0 events):
No events

GC Heap History (0 events):
No events

Deoptimization events (0 events):
No events

Classes redefined (0 events):
No events

Internal exceptions (0 events):
No events

Events (10 events):
Event: 0.036 loading class java/lang/Short
Event: 0.036 loading class java/lang/Short done
Event: 0.036 loading class java/lang/Integer
Event: 0.036 loading class java/lang/Integer done
Event: 0.036 loading class java/lang/Long
Event: 0.036 loading class java/lang/Long done
Event: 0.038 loading class java/lang/NullPointerException
Event: 0.038 loading class java/lang/NullPointerException done
Event: 0.038 loading class java/lang/ArithmeticException
Event: 0.038 loading class java/lang/ArithmeticException done


Dynamic libraries:
0x00007ff6a6180000 - 0x00007ff6a61b7000 	C:\Program Files\Java\jdk1.8.0_241\jre\bin\java.exe
0x00007ff8ab800000 - 0x00007ff8ab9f0000 	C:\WINDOWS\SYSTEM32\ntdll.dll
0x00007ff8a9bb0000 - 0x00007ff8a9c62000 	C:\WINDOWS\System32\KERNEL32.DLL
0x00007ff8a9610000 - 0x00007ff8a98b3000 	C:\WINDOWS\System32\KERNELBASE.dll
0x00007ff8ab550000 - 0x00007ff8ab5f3000 	C:\WINDOWS\System32\ADVAPI32.dll
0x00007ff8a9fc0000 - 0x00007ff8aa05e000 	C:\WINDOWS\System32\msvcrt.dll
0x00007ff8aa770000 - 0x00007ff8aa807000 	C:\WINDOWS\System32\sechost.dll
0x00007ff8a9a50000 - 0x00007ff8a9b70000 	C:\WINDOWS\System32\RPCRT4.dll
0x00007ff8aa060000 - 0x00007ff8aa1f4000 	C:\WINDOWS\System32\USER32.dll
0x00007ff8a95e0000 - 0x00007ff8a9601000 	C:\WINDOWS\System32\win32u.dll
0x00007ff8a9b80000 - 0x00007ff8a9ba6000 	C:\WINDOWS\System32\GDI32.dll
0x00007ff8a8a00000 - 0x00007ff8a8b94000 	C:\WINDOWS\System32\gdi32full.dll
0x00007ff8a98f0000 - 0x00007ff8a998e000 	C:\WINDOWS\System32\msvcp_win.dll
0x00007ff8a8bf0000 - 0x00007ff8a8cea000 	C:\WINDOWS\System32\ucrtbase.dll
0x00007ff894730000 - 0x00007ff8949b5000 	C:\WINDOWS\WinSxS\amd64_microsoft.windows.common-controls_6595b64144ccf1df_6.0.18362.778_none_e6c6b761130d4fb8\COMCTL32.dll
0x00007ff8aa2d0000 - 0x00007ff8aa606000 	C:\WINDOWS\System32\combase.dll
0x00007ff8a8980000 - 0x00007ff8a8a00000 	C:\WINDOWS\System32\bcryptPrimitives.dll
0x00007ff8aad20000 - 0x00007ff8aad4e000 	C:\WINDOWS\System32\IMM32.DLL
0x0000000051fe0000 - 0x00000000520b2000 	C:\Program Files\Java\jdk1.8.0_241\jre\bin\msvcr100.dll
0x0000000051730000 - 0x0000000051fdc000 	C:\Program Files\Java\jdk1.8.0_241\jre\bin\server\jvm.dll
0x00007ff8a9a40000 - 0x00007ff8a9a48000 	C:\WINDOWS\System32\PSAPI.DLL
0x00007ff898ea0000 - 0x00007ff898ea9000 	C:\WINDOWS\SYSTEM32\WSOCK32.dll
0x00007ff89d2f0000 - 0x00007ff89d2fa000 	C:\WINDOWS\SYSTEM32\VERSION.dll
0x00007ff8ab740000 - 0x00007ff8ab7af000 	C:\WINDOWS\System32\WS2_32.dll
0x00007ff8961f0000 - 0x00007ff896214000 	C:\WINDOWS\SYSTEM32\WINMM.dll
0x00007ff89d9c0000 - 0x00007ff89d9ed000 	C:\WINDOWS\SYSTEM32\winmmbase.dll
0x00007ff8a8ba0000 - 0x00007ff8a8bea000 	C:\WINDOWS\System32\cfgmgr32.dll
0x00007ff8a5370000 - 0x00007ff8a537f000 	C:\Program Files\Java\jdk1.8.0_241\jre\bin\verify.dll
0x00007ff895da0000 - 0x00007ff895dc9000 	C:\Program Files\Java\jdk1.8.0_241\jre\bin\java.dll
0x00007ff89f440000 - 0x00007ff89f456000 	C:\Program Files\Java\jdk1.8.0_241\jre\bin\zip.dll

VM Arguments:
jvm_args: -Xverify:none -XX:TieredStopAtLevel=1 
java_command: com.helenos.zuulserver.ZuulServerApplication
java_class_path (initial): E:\helenos\zuul-server\target\classes;C:\Users\vetouz\.m2\repository\org\springframework\boot\spring-boot-starter-web\2.2.0.RELEASE\spring-boot-starter-web-2.2.0.RELEASE.jar;C:\Users\vetouz\.m2\repository\org\springframework\boot\spring-boot-starter\2.2.0.RELEASE\spring-boot-starter-2.2.0.RELEASE.jar;C:\Users\vetouz\.m2\repository\org\springframework\boot\spring-boot-starter-logging\2.2.0.RELEASE\spring-boot-starter-logging-2.2.0.RELEASE.jar;C:\Users\vetouz\.m2\repository\ch\qos\logback\logback-classic\1.2.3\logback-classic-1.2.3.jar;C:\Users\vetouz\.m2\repository\ch\qos\logback\logback-core\1.2.3\logback-core-1.2.3.jar;C:\Users\vetouz\.m2\repository\org\apache\logging\log4j\log4j-to-slf4j\2.12.1\log4j-to-slf4j-2.12.1.jar;C:\Users\vetouz\.m2\repository\org\apache\logging\log4j\log4j-api\2.12.1\log4j-api-2.12.1.jar;C:\Users\vetouz\.m2\repository\org\slf4j\jul-to-slf4j\1.7.28\jul-to-slf4j-1.7.28.jar;C:\Users\vetouz\.m2\repository\jakarta\annotation\jakarta.annotation-api\1.3.5\jakarta.annotation-api-1.3.5.jar;C:\Users\vetouz\.m2\repository\org\yaml\snakeyaml\1.25\snakeyaml-1.25.jar;C:\Users\vetouz\.m2\repository\org\springframework\boot\spring-boot-starter-json\2.2.0.RELEASE\spring-boot-starter-json-2.2.0.RELEASE.jar;C:\Users\vetouz\.m2\repository\com\fasterxml\jackson\datatype\jackson-datatype-jdk8\2.10.0\jackson-datatype-jdk8-2.10.0.jar;C:\Users\vetouz\.m2\repository\com\fasterxml\jackson\datatype\jackson-datatype-jsr310\2.10.0\jackson-datatype-jsr310-2.10.0.jar;C:\Users\vetouz\.m2\repository\com\fasterxml\jackson\module\jackson-module-parameter-names\2.10.0\jackson-module-parameter-names-2.10.0.jar;C:\Users\vetouz\.m2\repository\org\springframework\boot\spring-boot-starter-tomcat\2.2.0.RELEASE\spring-boot-starter-tomcat-2.2.0.RELEASE.jar;C:\Users\vetouz\.m2\repository\org\apache\tomcat\embed\tomcat-embed-core\9.0.27\tomcat-embed-core-9.0.27.jar;C:\Users\vetouz\.m2\repository\org\apache\tomcat\embed\tomcat-embed-el\9.0.27\tomcat-embed-el
Launcher Type: SUN_STANDARD

Environment Variables:
JAVA_HOME=C:\Program Files\Java\jdk1.8.0_241
PATH=C:\Program Files (x86)\Common Files\Oracle\Java\javapath;C:\WINDOWS\system32;C:\WINDOWS;C:\WINDOWS\System32\Wbem;C:\WINDOWS\System32\WindowsPowerShell\v1.0\;C:\Program Files\Git\cmd;C:\Program Files\nodejs\;C:\WINDOWS\System32\OpenSSH\;C:\Program Files\apache-maven-3.6.3\bin;C:\Program Files\OpenSSL-Win64\bin;C:\Program Files\PuTTY\;C:\Users\vetouz\AppData\Local\Microsoft\WindowsApps;;C:\Users\vetouz\AppData\Local\Programs\Microsoft VS Code\bin;C:\Users\vetouz\AppData\Roaming\npm;C:\Program Files\JetBrains\IntelliJ IDEA 2019.3.4\bin;;C:\Program Files\JetBrains\IntelliJ IDEA Community Edition 2019.3.4\bin;
USERNAME=vetouz
OS=Windows_NT
PROCESSOR_IDENTIFIER=AMD64 Family 23 Model 24 Stepping 1, AuthenticAMD



---------------  S Y S T E M  ---------------

OS: Windows 10.0 , 64 bit Build 18362 (10.0.18362.778)

CPU:total 8 (initial active 8) (8 cores per cpu, 1 threads per core) family 23 model 24 stepping 1, cmov, cx8, fxsr, mmx, sse, sse2, sse3, ssse3, sse4.1, sse4.2, popcnt, avx, avx2, aes, clmul, mmxext, 3dnowpref, lzcnt, sse4a, tsc, tscinvbit, tscinv, bmi1

Memory: 4k page, physical 6228524k(193852k free), swap 21626000k(4896k free)

vm_info: Java HotSpot(TM) 64-Bit Server VM (25.241-b07) for windows-amd64 JRE (1.8.0_241-b07), built on Dec 11 2019 10:21:40 by "rejava" with MS VC++ 10.0 (VS2010)

time: Sun Apr 19 14:53:23 2020
timezone: Paris, Madrid (heure d’été)
elapsed time: 0 seconds (0d 0h 0m 0s)

